PHP Warning:  PHP Startup: Unable to load dynamic library 'pdo_sqlite.so' (tried: /usr/lib/php/20190902/pdo_sqlite.so (/usr/lib/php/20190902/pdo_sqlite.so: undefined symbol: sqlite3_column_table_name), /usr/lib/php/20190902/pdo_sqlite.so.so (/usr/lib/php/20190902/pdo_sqlite.so.so: cannot open shared object file: No such file or directory)) in Unknown on line 0
๐ง ะขะตััะธัะพะฒะฐะฝะธะต Redis Rate Limiting API
๐ Base URL: http://localhost:8095
โฐ ะัะตะผั: 2025-08-31 19:18:36

๐ ะะฐะฟััะบ ัะตััะพะฒ Redis Rate Limiting...

๐ ะัะฟะพะปะฝัะตััั: testBasicRateLimit
โ testBasicRateLimit - FAILED: Header 'X-RateLimit-Limit-Minute' not found in response

๐ ะัะฟะพะปะฝัะตััั: testMinuteLimits
โ testMinuteLimits - FAILED: Header 'X-RateLimit-Remaining-Minute' not found

๐ ะัะฟะพะปะฝัะตััั: testDayLimits
โ testDayLimits - FAILED: Expected 0 to be > 0

๐ ะัะฟะพะปะฝัะตััั: testPublicEndpointLimits
โ testPublicEndpointLimits - FAILED: Expected 0 to be > 0

๐ ะัะฟะพะปะฝัะตััั: testAPIKeySearch
โ testAPIKeySearch - PASSED

๐ ะัะฟะพะปะฝัะตััั: testAPIKeyInfo
โ testAPIKeyInfo - PASSED

๐ ะัะฟะพะปะฝัะตััั: testAPIKeyStats
โ testAPIKeyStats - PASSED

๐ ะัะฟะพะปะฝัะตััั: testTopAPIKeys
โ testTopAPIKeys - PASSED

๐ ะัะฟะพะปะฝัะตััั: testResetCounters
โ testResetCounters - PASSED

๐ ะัะฟะพะปะฝัะตััั: testRateLimitHeaders
โ testRateLimitHeaders - PASSED

๐ ะัะฟะพะปะฝัะตััั: testMultipleAPIKeys
โ testMultipleAPIKeys - FAILED: Expected 0 to be > 0

๐ ะัะฟะพะปะฝัะตััั: testEdgeCases
โ testEdgeCases - PASSED

๐ ะะตะทัะปััะฐัั ัะตััะพะฒ:
โ ะัะพะนะดะตะฝะพ: 7
โ ะะต ะฟัะพะนะดะตะฝะพ: 5
๐ ะะฑัะธะน ะฟัะพัะตะฝั ััะฟะตัะฐ: 58.33%

==================================================
๐ ะะตะบะพัะพััะต ัะตััั ะฝะต ะฟัะพัะปะธ!
==================================================
